2010-09-15 19:54:45,019 [main     ] ERROR BuildLoopQueryService - Problem getting build output
java.lang.NullPointerException
	at net.sourceforge.cruisecontrol.dashboard.service.BuildLoopQueryService.getBuildOutput(BuildLoopQueryService.java:144)
	at net.sourceforge.cruisecontrol.dashboard.service.BuildLoopQueryServiceTest.testShouldReturnMeaningfulErrorMessageWhenUnableToConnectToJmx(BuildLoopQueryServiceTest.java:214)
	at sun.reflect.NativeMethodAccessorImpl.invoke0(Native Method)
	at sun.reflect.NativeMethodAccessorImpl.invoke(NativeMethodAccessorImpl.java:39)
	at sun.reflect.DelegatingMethodAccessorImpl.invoke(DelegatingMethodAccessorImpl.java:25)
	at java.lang.reflect.Method.invoke(Method.java:592)
	at junit.framework.TestCase.runTest(TestCase.java:168)
	at org.jmock.core.VerifyingTestCase.runBare(VerifyingTestCase.java:39)
	at junit.framework.TestResult$1.protect(TestResult.java:110)
	at junit.framework.TestResult.runProtected(TestResult.java:128)
	at junit.framework.TestResult.run(TestResult.java:113)
	at junit.framework.TestCase.run(TestCase.java:124)
	at junit.framework.TestSuite.runTest(TestSuite.java:232)
	at junit.framework.TestSuite.run(TestSuite.java:227)
	at org.junit.internal.runners.JUnit38ClassRunner.run(JUnit38ClassRunner.java:81)
	at junit.framework.JUnit4TestAdapter.run(JUnit4TestAdapter.java:36)
	at org.apache.tools.ant.taskdefs.optional.junit.JUnitTestRunner.run(JUnitTestRunner.java:421)
	at org.apache.tools.ant.taskdefs.optional.junit.JUnitTestRunner.launch(JUnitTestRunner.java:912)
	at org.apache.tools.ant.taskdefs.optional.junit.JUnitTestRunner.main(JUnitTestRunner.java:743)
2010-09-15 19:54:45,770 [main     ] WARN  DashboardXmlConfigService - java.io.FileNotFoundException: not found
2010-09-15 19:54:45,790 [main     ] WARN  DashboardXmlConfigService - java.lang.IllegalArgumentException: InputStream cannot be null
2010-09-15 19:54:46,250 [main     ] INFO  ServiceContextTest - Loading context for locations: classpath*:WEB-INF/applicationContext-*.xml,classpath*:WEB-INF/*-servlet.xml
2010-09-15 19:54:48,303 [main     ] WARN  DashboardXmlConfigService - java.io.FileNotFoundException: dashboard-config.xml (The system cannot find the file specified)
2010-09-15 19:54:49,225 [main     ] ERROR WidgetPluginService - java.lang.ClassNotFoundException: not.exist.class
2010-09-15 19:54:49,235 [main     ] ERROR WidgetPluginService - java.lang.ClassNotFoundException: not.exist.class
2010-09-15 19:54:50,196 [main     ] ERROR WidgetPluginService - java.lang.ClassNotFoundException: com.not.exist.Class
2010-09-15 19:54:50,486 [main     ] ERROR WidgetPluginService - java.lang.ClassNotFoundException: com.not.exist.Class
2010-09-15 19:54:50,727 [main     ] ERROR WidgetPluginService - java.lang.ClassNotFoundException: com.not.exist.Class
2010-09-15 19:54:51,047 [main     ] ERROR WidgetPluginService - java.lang.ClassNotFoundException: com.not.exist.Class
2010-09-15 19:54:51,768 [main     ] ERROR WidgetPluginService - java.lang.ClassNotFoundException: com.not.exist.Class
2010-09-15 19:54:52,359 [main     ] WARN  GetProjectBuildStatusController - java.lang.RuntimeException: xyz
2010-09-15 19:55:09,263 [main     ] WARN  BuildLoopStatusReportTask - Failed to reach dashboard instance : http://localhost:9090/dashboard/buildloop/listener, either the dashboard has not started up or there is a network problem.
java.lang.NullPointerException
	at net.sourceforge.cruisecontrol.ProjectConfig.isInState(ProjectConfig.java:453)
	at net.sourceforge.cruisecontrol.BuildLoopInformationBuilder.getProjects(BuildLoopInformationBuilder.java:36)
	at net.sourceforge.cruisecontrol.BuildLoopInformationBuilder.buildBuildLoopInformation(BuildLoopInformationBuilder.java:23)
	at net.sourceforge.cruisecontrol.report.BuildLoopStatusReportTask.run(BuildLoopStatusReportTask.java:88)
	at net.sourceforge.cruisecontrol.report.BuildLoopStatusReportTask.run(BuildLoopStatusReportTask.java:75)
	at net.sourceforge.cruisecontrol.dashboard.smoketests.BuildLoopSmokeTest.testDashboardShouldReceiveSameBuildInformationBuildLoopSent(BuildLoopSmokeTest.java:64)
	at sun.reflect.NativeMethodAccessorImpl.invoke0(Native Method)
	at sun.reflect.NativeMethodAccessorImpl.invoke(NativeMethodAccessorImpl.java:39)
	at sun.reflect.DelegatingMethodAccessorImpl.invoke(DelegatingMethodAccessorImpl.java:25)
	at java.lang.reflect.Method.invoke(Method.java:592)
	at junit.framework.TestCase.runTest(TestCase.java:168)
	at junit.framework.TestCase.runBare(TestCase.java:134)
	at junit.framework.TestResult$1.protect(TestResult.java:110)
	at junit.framework.TestResult.runProtected(TestResult.java:128)
	at junit.framework.TestResult.run(TestResult.java:113)
	at junit.framework.TestCase.run(TestCase.java:124)
	at junit.framework.TestSuite.runTest(TestSuite.java:232)
	at junit.framework.TestSuite.run(TestSuite.java:227)
	at org.junit.internal.runners.JUnit38ClassRunner.run(JUnit38ClassRunner.java:81)
	at junit.framework.JUnit4TestAdapter.run(JUnit4TestAdapter.java:36)
	at org.apache.tools.ant.taskdefs.optional.junit.JUnitTestRunner.run(JUnitTestRunner.java:421)
	at org.apache.tools.ant.taskdefs.optional.junit.JUnitTestRunner.launch(JUnitTestRunner.java:912)
	at org.apache.tools.ant.taskdefs.optional.junit.JUnitTestRunner.main(JUnitTestRunner.java:766)
2010-09-15 19:55:09,273 [main     ] WARN  BuildLoopStatusReportTask - Failed to reach dashboard instance : http://localhost:9090/dashboard/buildloop/listener, either the dashboard has not started up or there is a network problem.
java.lang.NullPointerException
	at net.sourceforge.cruisecontrol.ProjectConfig.isInState(ProjectConfig.java:453)
	at net.sourceforge.cruisecontrol.BuildLoopInformationBuilder.getProjects(BuildLoopInformationBuilder.java:36)
	at net.sourceforge.cruisecontrol.BuildLoopInformationBuilder.buildBuildLoopInformation(BuildLoopInformationBuilder.java:23)
	at net.sourceforge.cruisecontrol.report.BuildLoopStatusReportTask.run(BuildLoopStatusReportTask.java:88)
	at net.sourceforge.cruisecontrol.report.BuildLoopStatusReportTask.run(BuildLoopStatusReportTask.java:75)
	at net.sourceforge.cruisecontrol.dashboard.smoketests.BuildLoopSmokeTest.testDashboardShouldReceiveSameBuildInformationBuildLoopSent(BuildLoopSmokeTest.java:66)
	at sun.reflect.NativeMethodAccessorImpl.invoke0(Native Method)
	at sun.reflect.NativeMethodAccessorImpl.invoke(NativeMethodAccessorImpl.java:39)
	at sun.reflect.DelegatingMethodAccessorImpl.invoke(DelegatingMethodAccessorImpl.java:25)
	at java.lang.reflect.Method.invoke(Method.java:592)
	at junit.framework.TestCase.runTest(TestCase.java:168)
	at junit.framework.TestCase.runBare(TestCase.java:134)
	at junit.framework.TestResult$1.protect(TestResult.java:110)
	at junit.framework.TestResult.runProtected(TestResult.java:128)
	at junit.framework.TestResult.run(TestResult.java:113)
	at junit.framework.TestCase.run(TestCase.java:124)
	at junit.framework.TestSuite.runTest(TestSuite.java:232)
	at junit.framework.TestSuite.run(TestSuite.java:227)
	at org.junit.internal.runners.JUnit38ClassRunner.run(JUnit38ClassRunner.java:81)
	at junit.framework.JUnit4TestAdapter.run(JUnit4TestAdapter.java:36)
	at org.apache.tools.ant.taskdefs.optional.junit.JUnitTestRunner.run(JUnitTestRunner.java:421)
	at org.apache.tools.ant.taskdefs.optional.junit.JUnitTestRunner.launch(JUnitTestRunner.java:912)
	at org.apache.tools.ant.taskdefs.optional.junit.JUnitTestRunner.main(JUnitTestRunner.java:766)
2010-09-15 19:56:25,263 [main     ] ERROR HtmlInlineFrame  - IOException when getting content for iframe: url=[http://localhost:8000/mbean?objectname=CruiseControl Project:name=project1]
java.net.ConnectException: Connection refused: connect
	at java.net.PlainSocketImpl.socketConnect(Native Method)
	at java.net.PlainSocketImpl.doConnect(PlainSocketImpl.java:333)
	at java.net.PlainSocketImpl.connectToAddress(PlainSocketImpl.java:195)
	at java.net.PlainSocketImpl.connect(PlainSocketImpl.java:182)
	at java.net.SocksSocketImpl.connect(SocksSocketImpl.java:367)
	at java.net.Socket.connect(Socket.java:524)
	at java.net.Socket.connect(Socket.java:474)
	at java.net.Socket.<init>(Socket.java:371)
	at java.net.Socket.<init>(Socket.java:244)
	at org.apache.commons.httpclient.protocol.DefaultProtocolSocketFactory.createSocket(DefaultProtocolSocketFactory.java:79)
	at org.apache.commons.httpclient.protocol.DefaultProtocolSocketFactory.createSocket(DefaultProtocolSocketFactory.java:121)
	at org.apache.commons.httpclient.HttpConnection.open(HttpConnection.java:706)
	at org.apache.commons.httpclient.MultiThreadedHttpConnectionManager$HttpConnectionAdapter.open(MultiThreadedHttpConnectionManager.java:1321)
	at org.apache.commons.httpclient.HttpMethodDirector.executeWithRetry(HttpMethodDirector.java:386)
	at org.apache.commons.httpclient.HttpMethodDirector.executeMethod(HttpMethodDirector.java:170)
	at org.apache.commons.httpclient.HttpClient.executeMethod(HttpClient.java:396)
	at org.apache.commons.httpclient.HttpClient.executeMethod(HttpClient.java:346)
	at com.gargoylesoftware.htmlunit.HttpWebConnection.getResponse(HttpWebConnection.java:126)
	at com.gargoylesoftware.htmlunit.WebClient.loadWebResponseFromWebConnection(WebClient.java:1424)
	at com.gargoylesoftware.htmlunit.WebClient.loadWebResponse(WebClient.java:1381)
	at com.gargoylesoftware.htmlunit.WebClient.getPage(WebClient.java:332)
	at com.gargoylesoftware.htmlunit.html.BaseFrame.loadInnerPageIfPossible(BaseFrame.java:129)
	at com.gargoylesoftware.htmlunit.html.BaseFrame.loadInnerPage(BaseFrame.java:114)
	at com.gargoylesoftware.htmlunit.html.HtmlPage.loadFrames(HtmlPage.java:1433)
	at com.gargoylesoftware.htmlunit.html.HtmlPage.initialize(HtmlPage.java:139)
	at com.gargoylesoftware.htmlunit.WebClient.loadWebResponseInto(WebClient.java:450)
	at com.gargoylesoftware.htmlunit.WebClient.getPage(WebClient.java:345)
	at com.gargoylesoftware.htmlunit.WebClient.getPage(WebClient.java:399)
	at net.sourceforge.jwebunit.htmlunit.HtmlUnitDialog.beginAt(HtmlUnitDialog.java:161)
	at net.sourceforge.jwebunit.junit.WebTester.beginAt(WebTester.java:190)
	at net.sourceforge.cruisecontrol.dashboard.jwebunittests.MBeanConsoleTest.testShouldShowMBeanConsoleForSpecificProject(MBeanConsoleTest.java:44)
	at sun.reflect.NativeMethodAccessorImpl.invoke0(Native Method)
	at sun.reflect.NativeMethodAccessorImpl.invoke(NativeMethodAccessorImpl.java:39)
	at sun.reflect.DelegatingMethodAccessorImpl.invoke(DelegatingMethodAccessorImpl.java:25)
	at java.lang.reflect.Method.invoke(Method.java:592)
	at junit.framework.TestCase.runTest(TestCase.java:168)
	at junit.framework.TestCase.runBare(TestCase.java:134)
	at junit.framework.TestResult$1.protect(TestResult.java:110)
	at junit.framework.TestResult.runProtected(TestResult.java:128)
	at junit.framework.TestResult.run(TestResult.java:113)
	at junit.framework.TestCase.run(TestCase.java:124)
	at junit.framework.TestSuite.runTest(TestSuite.java:232)
	at junit.framework.TestSuite.run(TestSuite.java:227)
	at org.junit.internal.runners.JUnit38ClassRunner.run(JUnit38ClassRunner.java:81)
	at junit.framework.JUnit4TestAdapter.run(JUnit4TestAdapter.java:36)
	at org.apache.tools.ant.taskdefs.optional.junit.JUnitTestRunner.run(JUnitTestRunner.java:421)
	at org.apache.tools.ant.taskdefs.optional.junit.JUnitTestRunner.launch(JUnitTestRunner.java:912)
	at org.apache.tools.ant.taskdefs.optional.junit.JUnitTestRunner.main(JUnitTestRunner.java:766)
