19:55:03,325  INFO ContextLoader,main:177 - Root WebApplicationContext: initialization started
19:55:03,355  INFO XmlWebApplicationContext,main:378 - Refreshing org.springframework.web.context.support.XmlWebApplicationContext@1d80e6d: display name [Root WebApplicationContext]; startup date [Wed Sep 15 19:55:03 EDT 2010]; root of context hierarchy
19:55:03,435  INFO XmlBeanDefinitionReader,main:293 - Loading XML bean definitions from ServletContext resource [/WEB-INF/applicationContext-development.xml]
19:55:03,846  INFO XmlBeanDefinitionReader,main:293 - Loading XML bean definitions from ServletContext resource [/WEB-INF/applicationContext-global.xml]
19:55:03,956  INFO XmlBeanDefinitionReader,main:293 - Loading XML bean definitions from ServletContext resource [/WEB-INF/propertyConfigurer.xml]
19:55:04,026  INFO XmlWebApplicationContext,main:393 - Bean factory for application context [org.springframework.web.context.support.XmlWebApplicationContext@1d80e6d]: org.springframework.beans.factory.support.DefaultListableBeanFactory@5a67c9
19:55:04,196  INFO PropertyPlaceholderConfigurer,main:175 - Loading properties file from file [C:\devtools\release-2-8-4\cruisecontrol\reporting\dashboard\target\war\WEB-INF\classes\dashboard.properties]
19:55:04,206  INFO PropertyPlaceholderConfigurer,main:175 - Loading properties file from file [C:\Documents and Settings\dan\Local Settings\Temp\Jetty_0_0_0_0_9090_dashboard.war__dashboard__-ylq8l7\webapp\WEB-INF\classes\dashboard.properties]
19:55:04,226  INFO XmlWebApplicationContext,main:1006 - Bean 'org.springframework.aop.config.internalAutoProxyCreator' is not eligible for getting processed by all BeanPostProcessors (for example: not eligible for auto-proxying)
19:55:04,246  INFO DefaultListableBeanFactory,main:275 - Pre-instantiating singletons in org.springframework.beans.factory.support.DefaultListableBeanFactory@5a67c9: defining beans [jmxServiceStub,mockForceBuildValidator,buildLoopControllerFake,propertyConfigurer,configuration,cruiseRuntime,oSEnvironment,jmxConnectorFactory,buildService,buildInfoRepository,buildInfoHelper,buildLoopQueryService,templateRenderService,historicalBuildSummariesService,latestBuildSummariesService,buildSummaryUIService,buildSummaryService,envService,dashboardXmlConfigService,systemService,widgetPluginService,jmxConnectionCacheService,org.springframework.aop.config.internalAutoProxyCreator,org.springframework.aop.aspectj.AspectJExpressionPointcut,org.springframework.aop.aspectj.AspectJPointcutAdvisor]; root of factory hierarchy
19:55:04,917  INFO ContextLoader,main:197 - Root WebApplicationContext: initialization completed in 1592 ms
19:55:04,957  INFO DispatcherServlet,main:231 - FrameworkServlet 'spring-ajax': initialization started
19:55:04,957  INFO XmlWebApplicationContext,main:378 - Refreshing org.springframework.web.context.support.XmlWebApplicationContext@1c54796: display name [WebApplicationContext for namespace 'spring-ajax-servlet']; startup date [Wed Sep 15 19:55:04 EDT 2010]; parent: org.springframework.web.context.support.XmlWebApplicationContext@1d80e6d
19:55:04,967  INFO XmlBeanDefinitionReader,main:293 - Loading XML bean definitions from ServletContext resource [/WEB-INF/spring-ajax-servlet.xml]
19:55:05,007  INFO XmlBeanDefinitionReader,main:293 - Loading XML bean definitions from ServletContext resource [/WEB-INF/propertyConfigurer.xml]
19:55:05,128  INFO XmlWebApplicationContext,main:393 - Bean factory for application context [org.springframework.web.context.support.XmlWebApplicationContext@1c54796]: org.springframework.beans.factory.support.DefaultListableBeanFactory@16ea269
19:55:05,208  INFO PropertyPlaceholderConfigurer,main:175 - Loading properties file from file [C:\devtools\release-2-8-4\cruisecontrol\reporting\dashboard\target\war\WEB-INF\classes\dashboard.properties]
19:55:05,218  INFO PropertyPlaceholderConfigurer,main:175 - Loading properties file from file [C:\Documents and Settings\dan\Local Settings\Temp\Jetty_0_0_0_0_9090_dashboard.war__dashboard__-ylq8l7\webapp\WEB-INF\classes\dashboard.properties]
19:55:05,218  INFO DefaultListableBeanFactory,main:275 - Pre-instantiating singletons in org.springframework.beans.factory.support.DefaultListableBeanFactory@16ea269: defining beans [propertyConfigurer,urlMapping,forcebuildController,forceBuildValidator,getProjectBuildStatusController,getProjectBuildOutputController,getCommitMessageController,getProjectBuildStatusXmlController]; parent: org.springframework.beans.factory.support.DefaultListableBeanFactory@5a67c9
19:55:05,358  INFO DispatcherServlet,main:250 - FrameworkServlet 'spring-ajax': initialization completed in 401 ms
19:55:05,358  INFO DispatcherServlet,main:231 - FrameworkServlet 'spring-exceptions': initialization started
19:55:05,358  INFO XmlWebApplicationContext,main:378 - Refreshing org.springframework.web.context.support.XmlWebApplicationContext@5a3923: display name [WebApplicationContext for namespace 'spring-exceptions-servlet']; startup date [Wed Sep 15 19:55:05 EDT 2010]; parent: org.springframework.web.context.support.XmlWebApplicationContext@1d80e6d
19:55:05,358  INFO XmlBeanDefinitionReader,main:293 - Loading XML bean definitions from ServletContext resource [/WEB-INF/spring-exceptions-servlet.xml]
19:55:05,388  INFO XmlBeanDefinitionReader,main:293 - Loading XML bean definitions from ServletContext resource [/WEB-INF/propertyConfigurer.xml]
19:55:05,428  INFO XmlWebApplicationContext,main:393 - Bean factory for application context [org.springframework.web.context.support.XmlWebApplicationContext@5a3923]: org.springframework.beans.factory.support.DefaultListableBeanFactory@1c783c5
19:55:05,508  INFO PropertyPlaceholderConfigurer,main:175 - Loading properties file from file [C:\devtools\release-2-8-4\cruisecontrol\reporting\dashboard\target\war\WEB-INF\classes\dashboard.properties]
19:55:05,508  INFO PropertyPlaceholderConfigurer,main:175 - Loading properties file from file [C:\Documents and Settings\dan\Local Settings\Temp\Jetty_0_0_0_0_9090_dashboard.war__dashboard__-ylq8l7\webapp\WEB-INF\classes\dashboard.properties]
19:55:05,508  INFO DefaultListableBeanFactory,main:275 - Pre-instantiating singletons in org.springframework.beans.factory.support.DefaultListableBeanFactory@1c783c5: defining beans [propertyConfigurer,urlMapping,buildDetailExceptionController,buildDetailExceptionResolver,velocityConfig,velocityViewResolver,beanNameViewResolver]; parent: org.springframework.beans.factory.support.DefaultListableBeanFactory@5a67c9
19:55:05,578  INFO VelocityConfigurer,main:127 - ClasspathResourceLoader with name 'springMacro' added to configured VelocityEngine
19:55:05,588  INFO VelocityEngine,main:49 - LogSystem has been deprecated. Please use a LogChute implementation.
19:55:05,598  INFO VelocityEngine,main:49 - FileResourceLoader : adding path 'C:\Documents and Settings\dan\Local Settings\Temp\Jetty_0_0_0_0_9090_dashboard.war__dashboard__-ylq8l7\webapp\WEB-INF\vm'
19:55:05,758  INFO VelocityEngine,main:49 - Velocimacro : added #springMessage(  code ) : source = org/springframework/web/servlet/view/velocity/spring.vm
19:55:05,758  INFO VelocityEngine,main:49 - Velocimacro : added #springMessageText(  code text ) : source = org/springframework/web/servlet/view/velocity/spring.vm
19:55:05,758  INFO VelocityEngine,main:49 - Velocimacro : added #springTheme(  code ) : source = org/springframework/web/servlet/view/velocity/spring.vm
19:55:05,768  INFO VelocityEngine,main:49 - Velocimacro : added #springThemeText(  code text ) : source = org/springframework/web/servlet/view/velocity/spring.vm
19:55:05,768  INFO VelocityEngine,main:49 - Velocimacro : added #springUrl(  relativeUrl ) : source = org/springframework/web/servlet/view/velocity/spring.vm
19:55:05,788  INFO VelocityEngine,main:49 - Velocimacro : added #springBind(  path ) : source = org/springframework/web/servlet/view/velocity/spring.vm
19:55:05,788  INFO VelocityEngine,main:49 - Velocimacro : added #springBindEscaped(  path htmlEscape ) : source = org/springframework/web/servlet/view/velocity/spring.vm
19:55:05,798  INFO VelocityEngine,main:49 - Velocimacro : added #springFormInput(  path attributes ) : source = org/springframework/web/servlet/view/velocity/spring.vm
19:55:05,798  INFO VelocityEngine,main:49 - Velocimacro : added #springFormPasswordInput(  path attributes ) : source = org/springframework/web/servlet/view/velocity/spring.vm
19:55:05,798  INFO VelocityEngine,main:49 - Velocimacro : added #springFormHiddenInput(  path attributes ) : source = org/springframework/web/servlet/view/velocity/spring.vm
19:55:05,798  INFO VelocityEngine,main:49 - Velocimacro : added #springFormTextarea(  path attributes ) : source = org/springframework/web/servlet/view/velocity/spring.vm
19:55:05,808  INFO VelocityEngine,main:49 - Velocimacro : added #springFormSingleSelect(  path options attributes ) : source = org/springframework/web/servlet/view/velocity/spring.vm
19:55:05,808  INFO VelocityEngine,main:49 - Velocimacro : added #springFormMultiSelect(  path options attributes ) : source = org/springframework/web/servlet/view/velocity/spring.vm
19:55:05,819  INFO VelocityEngine,main:49 - Velocimacro : added #springFormRadioButtons(  path options separator attributes ) : source = org/springframework/web/servlet/view/velocity/spring.vm
19:55:05,829  INFO VelocityEngine,main:49 - Velocimacro : added #springFormCheckboxes(  path options separator attributes ) : source = org/springframework/web/servlet/view/velocity/spring.vm
19:55:05,839  INFO VelocityEngine,main:49 - Velocimacro : added #springShowErrors(  separator classOrStyle ) : source = org/springframework/web/servlet/view/velocity/spring.vm
19:55:05,839  INFO VelocityEngine,main:49 - Velocimacro : added #springCloseTag(  ) : source = org/springframework/web/servlet/view/velocity/spring.vm
19:55:05,899  INFO VelocityViewResolver,main:127 - Using VelocityToolboxView instead of default VelocityView due to specified toolboxConfigLocation
19:55:05,979  INFO DispatcherServlet,main:250 - FrameworkServlet 'spring-exceptions': initialization completed in 621 ms
19:55:05,979  INFO DispatcherServlet,main:231 - FrameworkServlet 'spring-pages': initialization started
19:55:05,979  INFO XmlWebApplicationContext,main:378 - Refreshing org.springframework.web.context.support.XmlWebApplicationContext@163956: display name [WebApplicationContext for namespace 'spring-pages-servlet']; startup date [Wed Sep 15 19:55:05 EDT 2010]; parent: org.springframework.web.context.support.XmlWebApplicationContext@1d80e6d
19:55:05,989  INFO XmlBeanDefinitionReader,main:293 - Loading XML bean definitions from ServletContext resource [/WEB-INF/spring-pages-servlet.xml]
19:55:06,029  INFO XmlBeanDefinitionReader,main:293 - Loading XML bean definitions from ServletContext resource [/WEB-INF/propertyConfigurer.xml]
19:55:06,059  INFO XmlWebApplicationContext,main:393 - Bean factory for application context [org.springframework.web.context.support.XmlWebApplicationContext@163956]: org.springframework.beans.factory.support.DefaultListableBeanFactory@15e293a
19:55:06,149  INFO PropertyPlaceholderConfigurer,main:175 - Loading properties file from file [C:\devtools\release-2-8-4\cruisecontrol\reporting\dashboard\target\war\WEB-INF\classes\dashboard.properties]
19:55:06,149  INFO PropertyPlaceholderConfigurer,main:175 - Loading properties file from file [C:\Documents and Settings\dan\Local Settings\Temp\Jetty_0_0_0_0_9090_dashboard.war__dashboard__-ylq8l7\webapp\WEB-INF\classes\dashboard.properties]
19:55:06,149  INFO DefaultListableBeanFactory,main:275 - Pre-instantiating singletons in org.springframework.beans.factory.support.DefaultListableBeanFactory@15e293a: defining beans [propertyConfigurer,urlMapping,contentTypeInterceptor,flashMessageInterceptor,serverNameInterceptor,configInterceptor,adminController,buildListingController,buildListingResolver,mbeanConsoleController,mx4jResolver,velocityConfig,velocityViewResolver,beanNameViewResolver]; parent: org.springframework.beans.factory.support.DefaultListableBeanFactory@5a67c9
19:55:06,219  INFO VelocityConfigurer,main:127 - ClasspathResourceLoader with name 'springMacro' added to configured VelocityEngine
19:55:06,219  INFO VelocityEngine,main:49 - LogSystem has been deprecated. Please use a LogChute implementation.
19:55:06,219  INFO VelocityEngine,main:49 - FileResourceLoader : adding path 'C:\Documents and Settings\dan\Local Settings\Temp\Jetty_0_0_0_0_9090_dashboard.war__dashboard__-ylq8l7\webapp\WEB-INF\vm'
19:55:06,249  INFO VelocityEngine,main:49 - Velocimacro : added #springMessage(  code ) : source = org/springframework/web/servlet/view/velocity/spring.vm
19:55:06,259  INFO VelocityEngine,main:49 - Velocimacro : added #springMessageText(  code text ) : source = org/springframework/web/servlet/view/velocity/spring.vm
19:55:06,259  INFO VelocityEngine,main:49 - Velocimacro : added #springTheme(  code ) : source = org/springframework/web/servlet/view/velocity/spring.vm
19:55:06,259  INFO VelocityEngine,main:49 - Velocimacro : added #springThemeText(  code text ) : source = org/springframework/web/servlet/view/velocity/spring.vm
19:55:06,269  INFO VelocityEngine,main:49 - Velocimacro : added #springUrl(  relativeUrl ) : source = org/springframework/web/servlet/view/velocity/spring.vm
19:55:06,269  INFO VelocityEngine,main:49 - Velocimacro : added #springBind(  path ) : source = org/springframework/web/servlet/view/velocity/spring.vm
19:55:06,269  INFO VelocityEngine,main:49 - Velocimacro : added #springBindEscaped(  path htmlEscape ) : source = org/springframework/web/servlet/view/velocity/spring.vm
19:55:06,289  INFO VelocityEngine,main:49 - Velocimacro : added #springFormInput(  path attributes ) : source = org/springframework/web/servlet/view/velocity/spring.vm
19:55:06,289  INFO VelocityEngine,main:49 - Velocimacro : added #springFormPasswordInput(  path attributes ) : source = org/springframework/web/servlet/view/velocity/spring.vm
19:55:06,299  INFO VelocityEngine,main:49 - Velocimacro : added #springFormHiddenInput(  path attributes ) : source = org/springframework/web/servlet/view/velocity/spring.vm
19:55:06,299  INFO VelocityEngine,main:49 - Velocimacro : added #springFormTextarea(  path attributes ) : source = org/springframework/web/servlet/view/velocity/spring.vm
19:55:06,299  INFO VelocityEngine,main:49 - Velocimacro : added #springFormSingleSelect(  path options attributes ) : source = org/springframework/web/servlet/view/velocity/spring.vm
19:55:06,299  INFO VelocityEngine,main:49 - Velocimacro : added #springFormMultiSelect(  path options attributes ) : source = org/springframework/web/servlet/view/velocity/spring.vm
19:55:06,309  INFO VelocityEngine,main:49 - Velocimacro : added #springFormRadioButtons(  path options separator attributes ) : source = org/springframework/web/servlet/view/velocity/spring.vm
19:55:06,309  INFO VelocityEngine,main:49 - Velocimacro : added #springFormCheckboxes(  path options separator attributes ) : source = org/springframework/web/servlet/view/velocity/spring.vm
19:55:06,319  INFO VelocityEngine,main:49 - Velocimacro : added #springShowErrors(  separator classOrStyle ) : source = org/springframework/web/servlet/view/velocity/spring.vm
19:55:06,319  INFO VelocityEngine,main:49 - Velocimacro : added #springCloseTag(  ) : source = org/springframework/web/servlet/view/velocity/spring.vm
19:55:06,409  INFO VelocityViewResolver,main:127 - Using VelocityToolboxView instead of default VelocityView due to specified toolboxConfigLocation
19:55:06,419  INFO DispatcherServlet,main:250 - FrameworkServlet 'spring-pages': initialization completed in 440 ms
19:55:06,419  INFO DispatcherServlet,main:231 - FrameworkServlet 'spring-tabs': initialization started
19:55:06,429  INFO XmlWebApplicationContext,main:378 - Refreshing org.springframework.web.context.support.XmlWebApplicationContext@4c6320: display name [WebApplicationContext for namespace 'spring-tabs-servlet']; startup date [Wed Sep 15 19:55:06 EDT 2010]; parent: org.springframework.web.context.support.XmlWebApplicationContext@1d80e6d
19:55:06,429  INFO XmlBeanDefinitionReader,main:293 - Loading XML bean definitions from ServletContext resource [/WEB-INF/spring-tabs-servlet.xml]
19:55:06,469  INFO XmlBeanDefinitionReader,main:293 - Loading XML bean definitions from ServletContext resource [/WEB-INF/propertyConfigurer.xml]
19:55:06,489  INFO XmlBeanDefinitionReader,main:293 - Loading XML bean definitions from ServletContext resource [/WEB-INF/tabs/dashboard-tab.xml]
19:55:06,520  INFO XmlBeanDefinitionReader,main:293 - Loading XML bean definitions from ServletContext resource [/WEB-INF/tabs/dashboard-builds-shared.xml]
19:55:06,540  INFO XmlBeanDefinitionReader,main:293 - Loading XML bean definitions from ServletContext resource [/WEB-INF/tabs/builds-tab.xml]
19:55:06,570  INFO XmlBeanDefinitionReader,main:293 - Loading XML bean definitions from ServletContext resource [/WEB-INF/tabs/dashboard-builds-shared.xml]
19:55:06,590  INFO DefaultListableBeanFactory,main:324 - Overriding bean definition for bean 'sharedUrlMapping': replacing [Root bean: class [org.springframework.web.servlet.handler.SimpleUrlHandlerMapping]; scope=singleton; abstract=false; lazyInit=false; autowireCandidate=true; autowireMode=0; dependencyCheck=0; factoryBeanName=null; factoryMethodName=null; initMethodName=null; destroyMethodName=null; defined in ServletContext resource [/WEB-INF/tabs/dashboard-builds-shared.xml]] with [Root bean: class [org.springframework.web.servlet.handler.SimpleUrlHandlerMapping]; scope=singleton; abstract=false; lazyInit=false; autowireCandidate=true; autowireMode=0; dependencyCheck=0; factoryBeanName=null; factoryMethodName=null; initMethodName=null; destroyMethodName=null; defined in ServletContext resource [/WEB-INF/tabs/dashboard-builds-shared.xml]]
19:55:06,600  INFO DefaultListableBeanFactory,main:324 - Overriding bean definition for bean 'forceBuildEnabledInterceptor': replacing [Root bean: class [net.sourceforge.cruisecontrol.dashboard.web.ForceBuildEnabledInterceptor]; scope=singleton; abstract=false; lazyInit=false; autowireCandidate=true; autowireMode=0; dependencyCheck=0; factoryBeanName=null; factoryMethodName=null; initMethodName=null; destroyMethodName=null; defined in ServletContext resource [/WEB-INF/tabs/dashboard-builds-shared.xml]] with [Root bean: class [net.sourceforge.cruisecontrol.dashboard.web.ForceBuildEnabledInterceptor]; scope=singleton; abstract=false; lazyInit=false; autowireCandidate=true; autowireMode=0; dependencyCheck=0; factoryBeanName=null; factoryMethodName=null; initMethodName=null; destroyMethodName=null; defined in ServletContext resource [/WEB-INF/tabs/dashboard-builds-shared.xml]]
19:55:06,600  INFO DefaultListableBeanFactory,main:324 - Overriding bean definition for bean 'rootFolderInterceptor': replacing [Root bean: class [net.sourceforge.cruisecontrol.dashboard.web.RootFolderInterceptor]; scope=singleton; abstract=false; lazyInit=false; autowireCandidate=true; autowireMode=0; dependencyCheck=0; factoryBeanName=null; factoryMethodName=null; initMethodName=null; destroyMethodName=null; defined in ServletContext resource [/WEB-INF/tabs/dashboard-builds-shared.xml]] with [Root bean: class [net.sourceforge.cruisecontrol.dashboard.web.RootFolderInterceptor]; scope=singleton; abstract=false; lazyInit=false; autowireCandidate=true; autowireMode=0; dependencyCheck=0; factoryBeanName=null; factoryMethodName=null; initMethodName=null; destroyMethodName=null; defined in ServletContext resource [/WEB-INF/tabs/dashboard-builds-shared.xml]]
19:55:06,610  INFO DefaultListableBeanFactory,main:324 - Overriding bean definition for bean 'buildDetailController': replacing [Root bean: class [net.sourceforge.cruisecontrol.dashboard.web.BuildDetailController]; scope=singleton; abstract=false; lazyInit=false; autowireCandidate=true; autowireMode=0; dependencyCheck=0; factoryBeanName=null; factoryMethodName=null; initMethodName=null; destroyMethodName=null; defined in ServletContext resource [/WEB-INF/tabs/dashboard-builds-shared.xml]] with [Root bean: class [net.sourceforge.cruisecontrol.dashboard.web.BuildDetailController]; scope=singleton; abstract=false; lazyInit=false; autowireCandidate=true; autowireMode=0; dependencyCheck=0; factoryBeanName=null; factoryMethodName=null; initMethodName=null; destroyMethodName=null; defined in ServletContext resource [/WEB-INF/tabs/dashboard-builds-shared.xml]]
19:55:06,610  INFO DefaultListableBeanFactory,main:324 - Overriding bean definition for bean 'downloadController': replacing [Root bean: class [net.sourceforge.cruisecontrol.dashboard.web.DownloadController]; scope=singleton; abstract=false; lazyInit=false; autowireCandidate=true; autowireMode=0; dependencyCheck=0; factoryBeanName=null; factoryMethodName=null; initMethodName=null; destroyMethodName=null; defined in ServletContext resource [/WEB-INF/tabs/dashboard-builds-shared.xml]] with [Root bean: class [net.sourceforge.cruisecontrol.dashboard.web.DownloadController]; scope=singleton; abstract=false; lazyInit=false; autowireCandidate=true; autowireMode=0; dependencyCheck=0; factoryBeanName=null; factoryMethodName=null; initMethodName=null; destroyMethodName=null; defined in ServletContext resource [/WEB-INF/tabs/dashboard-builds-shared.xml]]
19:55:06,620  INFO DefaultListableBeanFactory,main:324 - Overriding bean definition for bean 'projectDetailResolver': replacing [Root bean: class [org.springframework.web.servlet.mvc.multiaction.PropertiesMethodNameResolver]; scope=singleton; abstract=false; lazyInit=false; autowireCandidate=true; autowireMode=0; dependencyCheck=0; factoryBeanName=null; factoryMethodName=null; initMethodName=null; destroyMethodName=null; defined in ServletContext resource [/WEB-INF/tabs/dashboard-builds-shared.xml]] with [Root bean: class [org.springframework.web.servlet.mvc.multiaction.PropertiesMethodNameResolver]; scope=singleton; abstract=false; lazyInit=false; autowireCandidate=true; autowireMode=0; dependencyCheck=0; factoryBeanName=null; factoryMethodName=null; initMethodName=null; destroyMethodName=null; defined in ServletContext resource [/WEB-INF/tabs/dashboard-builds-shared.xml]]
19:55:06,630  INFO DefaultListableBeanFactory,main:324 - Overriding bean definition for bean 'downloadResolver': replacing [Root bean: class [org.springframework.web.servlet.mvc.multiaction.PropertiesMethodNameResolver]; scope=singleton; abstract=false; lazyInit=false; autowireCandidate=true; autowireMode=0; dependencyCheck=0; factoryBeanName=null; factoryMethodName=null; initMethodName=null; destroyMethodName=null; defined in ServletContext resource [/WEB-INF/tabs/dashboard-builds-shared.xml]] with [Root bean: class [org.springframework.web.servlet.mvc.multiaction.PropertiesMethodNameResolver]; scope=singleton; abstract=false; lazyInit=false; autowireCandidate=true; autowireMode=0; dependencyCheck=0; factoryBeanName=null; factoryMethodName=null; initMethodName=null; destroyMethodName=null; defined in ServletContext resource [/WEB-INF/tabs/dashboard-builds-shared.xml]]
19:55:06,630  INFO DefaultListableBeanFactory,main:324 - Overriding bean definition for bean 'fileView': replacing [Root bean: class [net.sourceforge.cruisecontrol.dashboard.web.view.FileView]; scope=singleton; abstract=false; lazyInit=false; autowireCandidate=true; autowireMode=0; dependencyCheck=0; factoryBeanName=null; factoryMethodName=null; initMethodName=null; destroyMethodName=null; defined in ServletContext resource [/WEB-INF/tabs/dashboard-builds-shared.xml]] with [Root bean: class [net.sourceforge.cruisecontrol.dashboard.web.view.FileView]; scope=singleton; abstract=false; lazyInit=false; autowireCandidate=true; autowireMode=0; dependencyCheck=0; factoryBeanName=null; factoryMethodName=null; initMethodName=null; destroyMethodName=null; defined in ServletContext resource [/WEB-INF/tabs/dashboard-builds-shared.xml]]
19:55:06,640  INFO DefaultListableBeanFactory,main:324 - Overriding bean definition for bean 'directoryView': replacing [Root bean: class [net.sourceforge.cruisecontrol.dashboard.web.view.DirectoryView]; scope=singleton; abstract=false; lazyInit=false; autowireCandidate=true; autowireMode=0; dependencyCheck=0; factoryBeanName=null; factoryMethodName=null; initMethodName=null; destroyMethodName=null; defined in ServletContext resource [/WEB-INF/tabs/dashboard-builds-shared.xml]] with [Root bean: class [net.sourceforge.cruisecontrol.dashboard.web.view.DirectoryView]; scope=singleton; abstract=false; lazyInit=false; autowireCandidate=true; autowireMode=0; dependencyCheck=0; factoryBeanName=null; factoryMethodName=null; initMethodName=null; destroyMethodName=null; defined in ServletContext resource [/WEB-INF/tabs/dashboard-builds-shared.xml]]
19:55:06,640  INFO XmlWebApplicationContext,main:393 - Bean factory for application context [org.springframework.web.context.support.XmlWebApplicationContext@4c6320]: org.springframework.beans.factory.support.DefaultListableBeanFactory@1f9338f
19:55:06,730  INFO PropertyPlaceholderConfigurer,main:175 - Loading properties file from file [C:\devtools\release-2-8-4\cruisecontrol\reporting\dashboard\target\war\WEB-INF\classes\dashboard.properties]
19:55:06,730  INFO PropertyPlaceholderConfigurer,main:175 - Loading properties file from file [C:\Documents and Settings\dan\Local Settings\Temp\Jetty_0_0_0_0_9090_dashboard.war__dashboard__-ylq8l7\webapp\WEB-INF\classes\dashboard.properties]
19:55:06,730  INFO XmlWebApplicationContext,main:1006 - Bean 'org.springframework.aop.config.internalAutoProxyCreator' is not eligible for getting processed by all BeanPostProcessors (for example: not eligible for auto-proxying)
19:55:06,730  INFO DefaultListableBeanFactory,main:275 - Pre-instantiating singletons in org.springframework.beans.factory.support.DefaultListableBeanFactory@1f9338f: defining beans [propertyConfigurer,interceptorInjector,org.springframework.aop.config.internalAutoProxyCreator,org.springframework.aop.aspectj.AspectJExpressionPointcut,org.springframework.aop.aspectj.AspectJPointcutAdvisor,urlMapping,net.sourceforge.cruisecontrol.dashboard.tabs.TabContainer,tabInterceptor,serverNameInterceptor,contentTypeInterceptor,flashMessageInterceptor,configInterceptor,velocityConfig,velocityViewResolver,beanNameViewResolver,buildLoopController,sharedUrlMapping,forceBuildEnabledInterceptor,rootFolderInterceptor,buildDetailController,downloadController,projectDetailResolver,downloadResolver,fileView,directoryView,dashboardUrlMapping,dashboardTabProvider,dashboardController,buildsUrlMapping,buildsTabProvider,buildsController]; parent: org.springframework.beans.factory.support.DefaultListableBeanFactory@5a67c9
19:55:06,810  INFO VelocityConfigurer,main:127 - ClasspathResourceLoader with name 'springMacro' added to configured VelocityEngine
19:55:06,810  INFO VelocityEngine,main:49 - LogSystem has been deprecated. Please use a LogChute implementation.
19:55:06,810  INFO VelocityEngine,main:49 - FileResourceLoader : adding path 'C:\Documents and Settings\dan\Local Settings\Temp\Jetty_0_0_0_0_9090_dashboard.war__dashboard__-ylq8l7\webapp\WEB-INF\vm'
19:55:06,920  INFO VelocityEngine,main:49 - Velocimacro : added #springMessage(  code ) : source = org/springframework/web/servlet/view/velocity/spring.vm
19:55:06,920  INFO VelocityEngine,main:49 - Velocimacro : added #springMessageText(  code text ) : source = org/springframework/web/servlet/view/velocity/spring.vm
19:55:06,920  INFO VelocityEngine,main:49 - Velocimacro : added #springTheme(  code ) : source = org/springframework/web/servlet/view/velocity/spring.vm
19:55:06,920  INFO VelocityEngine,main:49 - Velocimacro : added #springThemeText(  code text ) : source = org/springframework/web/servlet/view/velocity/spring.vm
19:55:06,920  INFO VelocityEngine,main:49 - Velocimacro : added #springUrl(  relativeUrl ) : source = org/springframework/web/servlet/view/velocity/spring.vm
19:55:06,920  INFO VelocityEngine,main:49 - Velocimacro : added #springBind(  path ) : source = org/springframework/web/servlet/view/velocity/spring.vm
19:55:06,920  INFO VelocityEngine,main:49 - Velocimacro : added #springBindEscaped(  path htmlEscape ) : source = org/springframework/web/servlet/view/velocity/spring.vm
19:55:06,930  INFO VelocityEngine,main:49 - Velocimacro : added #springFormInput(  path attributes ) : source = org/springframework/web/servlet/view/velocity/spring.vm
19:55:06,930  INFO VelocityEngine,main:49 - Velocimacro : added #springFormPasswordInput(  path attributes ) : source = org/springframework/web/servlet/view/velocity/spring.vm
19:55:06,930  INFO VelocityEngine,main:49 - Velocimacro : added #springFormHiddenInput(  path attributes ) : source = org/springframework/web/servlet/view/velocity/spring.vm
19:55:06,940  INFO VelocityEngine,main:49 - Velocimacro : added #springFormTextarea(  path attributes ) : source = org/springframework/web/servlet/view/velocity/spring.vm
19:55:06,940  INFO VelocityEngine,main:49 - Velocimacro : added #springFormSingleSelect(  path options attributes ) : source = org/springframework/web/servlet/view/velocity/spring.vm
19:55:06,940  INFO VelocityEngine,main:49 - Velocimacro : added #springFormMultiSelect(  path options attributes ) : source = org/springframework/web/servlet/view/velocity/spring.vm
19:55:06,950  INFO VelocityEngine,main:49 - Velocimacro : added #springFormRadioButtons(  path options separator attributes ) : source = org/springframework/web/servlet/view/velocity/spring.vm
19:55:06,950  INFO VelocityEngine,main:49 - Velocimacro : added #springFormCheckboxes(  path options separator attributes ) : source = org/springframework/web/servlet/view/velocity/spring.vm
19:55:06,950  INFO VelocityEngine,main:49 - Velocimacro : added #springShowErrors(  separator classOrStyle ) : source = org/springframework/web/servlet/view/velocity/spring.vm
19:55:06,950  INFO VelocityEngine,main:49 - Velocimacro : added #springCloseTag(  ) : source = org/springframework/web/servlet/view/velocity/spring.vm
19:55:06,970  INFO VelocityViewResolver,main:127 - Using VelocityToolboxView instead of default VelocityView due to specified toolboxConfigLocation
19:55:07,110  INFO DispatcherServlet,main:250 - FrameworkServlet 'spring-tabs': initialization completed in 691 ms
19:55:07,651  INFO ServletToolboxManager,btpool0-0:? - Using config file '/WEB-INF/toolbox.xml'
19:55:07,721  INFO ServletToolboxManager,btpool0-0:? - Toolbox setup complete.
19:55:09,374  INFO XmlWebApplicationContext,btpool0-0:672 - Closing org.springframework.web.context.support.XmlWebApplicationContext@5a3923: display name [WebApplicationContext for namespace 'spring-exceptions-servlet']; startup date [Wed Sep 15 19:55:05 EDT 2010]; parent: org.springframework.web.context.support.XmlWebApplicationContext@1d80e6d
19:55:09,374  INFO DefaultListableBeanFactory,btpool0-0:285 - Destroying singletons in org.springframework.beans.factory.support.DefaultListableBeanFactory@1c783c5: defining beans [propertyConfigurer,urlMapping,buildDetailExceptionController,buildDetailExceptionResolver,velocityConfig,velocityViewResolver,beanNameViewResolver]; parent: org.springframework.beans.factory.support.DefaultListableBeanFactory@5a67c9
19:55:09,374  INFO XmlWebApplicationContext,btpool0-0:672 - Closing org.springframework.web.context.support.XmlWebApplicationContext@4c6320: display name [WebApplicationContext for namespace 'spring-tabs-servlet']; startup date [Wed Sep 15 19:55:06 EDT 2010]; parent: org.springframework.web.context.support.XmlWebApplicationContext@1d80e6d
19:55:09,384  INFO DefaultListableBeanFactory,btpool0-0:285 - Destroying singletons in org.springframework.beans.factory.support.DefaultListableBeanFactory@1f9338f: defining beans [propertyConfigurer,interceptorInjector,org.springframework.aop.config.internalAutoProxyCreator,org.springframework.aop.aspectj.AspectJExpressionPointcut,org.springframework.aop.aspectj.AspectJPointcutAdvisor,urlMapping,net.sourceforge.cruisecontrol.dashboard.tabs.TabContainer,tabInterceptor,serverNameInterceptor,contentTypeInterceptor,flashMessageInterceptor,configInterceptor,velocityConfig,velocityViewResolver,beanNameViewResolver,buildLoopController,sharedUrlMapping,forceBuildEnabledInterceptor,rootFolderInterceptor,buildDetailController,downloadController,projectDetailResolver,downloadResolver,fileView,directoryView,dashboardUrlMapping,dashboardTabProvider,dashboardController,buildsUrlMapping,buildsTabProvider,buildsController]; parent: org.springframework.beans.factory.support.DefaultListableBeanFactory@5a67c9
19:55:09,384  INFO XmlWebApplicationContext,btpool0-0:672 - Closing org.springframework.web.context.support.XmlWebApplicationContext@1c54796: display name [WebApplicationContext for namespace 'spring-ajax-servlet']; startup date [Wed Sep 15 19:55:04 EDT 2010]; parent: org.springframework.web.context.support.XmlWebApplicationContext@1d80e6d
19:55:09,394  INFO DefaultListableBeanFactory,btpool0-0:285 - Destroying singletons in org.springframework.beans.factory.support.DefaultListableBeanFactory@16ea269: defining beans [propertyConfigurer,urlMapping,forcebuildController,forceBuildValidator,getProjectBuildStatusController,getProjectBuildOutputController,getCommitMessageController,getProjectBuildStatusXmlController]; parent: org.springframework.beans.factory.support.DefaultListableBeanFactory@5a67c9
19:55:09,394  INFO XmlWebApplicationContext,btpool0-0:672 - Closing org.springframework.web.context.support.XmlWebApplicationContext@163956: display name [WebApplicationContext for namespace 'spring-pages-servlet']; startup date [Wed Sep 15 19:55:05 EDT 2010]; parent: org.springframework.web.context.support.XmlWebApplicationContext@1d80e6d
19:55:09,404  INFO DefaultListableBeanFactory,btpool0-0:285 - Destroying singletons in org.springframework.beans.factory.support.DefaultListableBeanFactory@15e293a: defining beans [propertyConfigurer,urlMapping,contentTypeInterceptor,flashMessageInterceptor,serverNameInterceptor,configInterceptor,adminController,buildListingController,buildListingResolver,mbeanConsoleController,mx4jResolver,velocityConfig,velocityViewResolver,beanNameViewResolver]; parent: org.springframework.beans.factory.support.DefaultListableBeanFactory@5a67c9
19:55:33,749 ERROR WidgetPluginService,btpool0-0:63 - java.lang.ClassNotFoundException: com.not.exist.Class
19:55:35,401 ERROR WidgetPluginService,btpool0-0:63 - java.lang.ClassNotFoundException: com.not.exist.Class
19:55:36,352 ERROR WidgetPluginService,btpool0-0:63 - java.lang.ClassNotFoundException: com.not.exist.Class
19:55:37,484 ERROR WidgetPluginService,btpool0-0:63 - java.lang.ClassNotFoundException: com.not.exist.Class
19:55:38,245 ERROR WidgetPluginService,btpool0-0:63 - java.lang.ClassNotFoundException: com.not.exist.Class
19:55:39,116 ERROR WidgetPluginService,btpool0-0:63 - java.lang.ClassNotFoundException: com.not.exist.Class
19:55:39,918 ERROR WidgetPluginService,btpool0-0:63 - java.lang.ClassNotFoundException: com.not.exist.Class
19:55:40,749 ERROR WidgetPluginService,btpool0-0:63 - java.lang.ClassNotFoundException: com.not.exist.Class
19:55:41,600 ERROR WidgetPluginService,btpool0-0:63 - java.lang.ClassNotFoundException: com.not.exist.Class
19:55:42,431 ERROR WidgetPluginService,btpool0-0:63 - java.lang.ClassNotFoundException: com.not.exist.Class
19:55:43,463 ERROR WidgetPluginService,btpool0-0:63 - java.lang.ClassNotFoundException: com.not.exist.Class
19:55:52,165 ERROR WidgetPluginService,btpool0-7:63 - java.lang.ClassNotFoundException: com.not.exist.Class
19:55:53,517 ERROR WidgetPluginService,btpool0-7:63 - java.lang.ClassNotFoundException: com.not.exist.Class
19:55:54,559 ERROR WidgetPluginService,btpool0-7:63 - java.lang.ClassNotFoundException: com.not.exist.Class
19:55:55,470 ERROR WidgetPluginService,btpool0-7:63 - java.lang.ClassNotFoundException: com.not.exist.Class
